#
# There is insufficient memory for the Java Runtime Environment to continue.
# Native memory allocation (mmap) failed to map 132120576 bytes for G1 virtual space
# Possible reasons:
#   The system is out of physical RAM or swap space
#   The process is running with CompressedOops enabled, and the Java Heap may be blocking the growth of the native heap
# Possible solutions:
#   Reduce memory load on the system
#   Increase physical memory or swap space
#   Check if swap backing store is full
#   Decrease Java heap size (-Xmx/-Xms)
#   Decrease number of Java threads
#   Decrease Java thread stack sizes (-Xss)
#   Set larger code cache with -XX:ReservedCodeCacheSize=
#   JVM is running with Unscaled Compressed Oops mode in which the Java heap is
#     placed in the first 4GB address space. The Java Heap base address is the
#     maximum limit for the native heap growth. Please use -XX:HeapBaseMinAddress
#     to set the Java Heap base and to place the Java Heap above 4GB virtual address.
# This output file may be truncated or incomplete.
#
#  Out of Memory Error (os_windows.cpp:3530), pid=36848, tid=27808
#
# JRE version:  (18.0+36) (build )
# Java VM: Java HotSpot(TM) 64-Bit Server VM (18+36-2087, mixed mode, sharing, tiered, compressed oops, compressed class ptrs, g1 gc, windows-amd64)
# No core dump will be written. Minidumps are not enabled by default on client versions of Windows
#

---------------  S U M M A R Y ------------

Command Line: -ea -Dfile.encoding=UTF-8 -XX:+ShowCodeDetailsInExceptionMessages org.testng.remote.RemoteTestNG -serport 50556 -protocol json -d C:\Users\srajm\eclipse-workspace\SalesforceAutomationPOM\test-output C:\Users\srajm\AppData\Local\Temp\testng-eclipse-2029651047\testng-customsuite.xml

Host: Intel(R) Core(TM) i7 CPU       M 620  @ 2.67GHz, 4 cores, 7G,  Windows 10 , 64 bit Build 19041 (10.0.19041.1706)
Time: Fri May 20 09:43:14 2022 Pacific Daylight Time elapsed time: 0.026961 seconds (0d 0h 0m 0s)

---------------  T H R E A D  ---------------

Current thread (0x00000276991cb150):  JavaThread "Unknown thread" [_thread_in_vm, id=27808, stack(0x000000d644600000,0x000000d644700000)]

Stack: [0x000000d644600000,0x000000d644700000]
Native frames: (J=compiled Java code, j=interpreted, Vv=VM code, C=native code)
V  [jvm.dll+0x69804a]
V  [jvm.dll+0x7f308d]
V  [jvm.dll+0x7f499e]
V  [jvm.dll+0x7f5053]
V  [jvm.dll+0x25ca3f]
V  [jvm.dll+0x694f99]
V  [jvm.dll+0x689aca]
V  [jvm.dll+0x321efb]
V  [jvm.dll+0x3298d6]
V  [jvm.dll+0x37e47e]
V  [jvm.dll+0x37e6af]
V  [jvm.dll+0x2f9c7a]
V  [jvm.dll+0x2facdd]
V  [jvm.dll+0x7c1cc0]
V  [jvm.dll+0x38b801]
V  [jvm.dll+0x7a09d3]
V  [jvm.dll+0x40d6bf]
V  [jvm.dll+0x40f091]
C  [jli.dll+0x526b]
C  [ucrtbase.dll+0x21bb2]
C  [KERNEL32.DLL+0x17034]
C  [ntdll.dll+0x52651]


---------------  P R O C E S S  ---------------

Threads class SMR info:
_java_thread_list=0x00007ff97306e550, length=0, elements={
}

Java Threads: ( => current thread )

Other Threads:
  0x0000027699227860 WorkerThread "GC Thread#0" [stack: 0x000000d644700000,0x000000d644800000] [id=25560]
  0x0000027699238310 ConcurrentGCThread "G1 Main Marker" [stack: 0x000000d644800000,0x000000d644900000] [id=32472]
  0x00000276992394a0 WorkerThread "G1 Conc#0" [stack: 0x000000d644900000,0x000000d644a00000] [id=33956]

[error occurred during error reporting (printing all threads), id 0xc0000005, EXCEPTION_ACCESS_VIOLATION (0xc0000005) at pc=0x00007ff97289a217]

VM state: not at safepoint (not fully initialized)

VM Mutex/Monitor currently owned by a thread:  ([mutex/lock_event])
[0x00000276991c8e90] Heap_lock - owner thread: 0x00000276991cb150

Heap address: 0x0000000082400000, size: 2012 MB, Compressed Oops mode: 32-bit

CDS archive(s) mapped at: [0x0000000000000000-0x0000000000000000-0x0000000000000000), size 0, SharedBaseAddress: 0x0000000800000000, ArchiveRelocationMode: 0.
Narrow klass base: 0x0000000000000000, Narrow klass shift: 0, Narrow klass range: 0x0

GC Precious Log:
 CardTable entry size: 512
 Card Set container configuration: InlinePtr #cards 5 size 8 Array Of Cards #cards 12 size 40 Howl #buckets 4 coarsen threshold 1843 Howl Bitmap #cards 512 size 80 coarsen threshold 460 Card regions per heap region 1 cards per card region 2048

Heap:
 garbage-first heap   total 0K, used 0K [0x0000000082400000, 0x0000000100000000)
  region size 1024K, 0 young (0K), 0 survivors (0K)

[error occurred during error reporting (printing heap information), id 0xc0000005, EXCEPTION_ACCESS_VIOLATION (0xc0000005) at pc=0x00007ff972c80489]

GC Heap History (0 events):
No events

Deoptimization events (0 events):
No events

Classes loaded (0 events):
No events

Classes unloaded (0 events):
No events

Classes redefined (0 events):
No events

Internal exceptions (0 events):
No events

VM Operations (0 events):
No events

Events (1 events):
Event: 0.015 Loaded shared library C:\Program Files\Java\jdk-18\bin\java.dll


Dynamic libraries:
0x00007ff787c70000 - 0x00007ff787c80000 	C:\Program Files\Java\jdk-18\bin\javaw.exe
0x00007ff9c0370000 - 0x00007ff9c0565000 	C:\Windows\SYSTEM32\ntdll.dll
0x00007ff9bf6a0000 - 0x00007ff9bf75d000 	C:\Windows\System32\KERNEL32.DLL
0x00007ff9bdfa0000 - 0x00007ff9be26d000 	C:\Windows\System32\KERNELBASE.dll
0x00007ff9bdd40000 - 0x00007ff9bde40000 	C:\Windows\System32\ucrtbase.dll
0x00007ff9b7560000 - 0x00007ff9b7578000 	C:\Program Files\Java\jdk-18\bin\jli.dll
0x00007ff9bf830000 - 0x00007ff9bf8de000 	C:\Windows\System32\ADVAPI32.dll
0x00007ff9bf960000 - 0x00007ff9bf9fe000 	C:\Windows\System32\msvcrt.dll
0x00007ff9bffd0000 - 0x00007ff9c006c000 	C:\Windows\System32\sechost.dll
0x00007ff9bfe10000 - 0x00007ff9bff35000 	C:\Windows\System32\RPCRT4.dll
0x00007ff9c0190000 - 0x00007ff9c0330000 	C:\Windows\System32\USER32.dll
0x00007ff9be390000 - 0x00007ff9be3b2000 	C:\Windows\System32\win32u.dll
0x00007ff9bedc0000 - 0x00007ff9bedea000 	C:\Windows\System32\GDI32.dll
0x00007ff9bdad0000 - 0x00007ff9bdbdb000 	C:\Windows\System32\gdi32full.dll
0x00007ff9bdbe0000 - 0x00007ff9bdc7d000 	C:\Windows\System32\msvcp_win.dll
0x00007ff9b7f80000 - 0x00007ff9b7f9a000 	C:\Program Files\Java\jdk-18\bin\VCRUNTIME140.dll
0x00007ff9b25f0000 - 0x00007ff9b288a000 	C:\Windows\WinSxS\amd64_microsoft.windows.common-controls_6595b64144ccf1df_6.0.19041.1110_none_60b5254171f9507e\COMCTL32.dll
0x00007ff9b8f60000 - 0x00007ff9b8f6a000 	C:\Windows\SYSTEM32\VERSION.dll
0x00007ff9bff40000 - 0x00007ff9bff70000 	C:\Windows\System32\IMM32.DLL
0x00007ff9b9100000 - 0x00007ff9b910c000 	C:\Program Files\Java\jdk-18\bin\vcruntime140_1.dll
0x00007ff99e1b0000 - 0x00007ff99e23d000 	C:\Program Files\Java\jdk-18\bin\msvcp140.dll
0x00007ff972590000 - 0x00007ff9731a1000 	C:\Program Files\Java\jdk-18\bin\server\jvm.dll
0x00007ff9bee50000 - 0x00007ff9bee58000 	C:\Windows\System32\PSAPI.DLL
0x00007ff9b9010000 - 0x00007ff9b9019000 	C:\Windows\SYSTEM32\WSOCK32.dll
0x00007ff9c0070000 - 0x00007ff9c00db000 	C:\Windows\System32\WS2_32.dll
0x00007ff9b2130000 - 0x00007ff9b2157000 	C:\Windows\SYSTEM32\WINMM.dll
0x00007ff9bb8a0000 - 0x00007ff9bb8b2000 	C:\Windows\SYSTEM32\kernel.appcore.dll
0x00007ff9b9020000 - 0x00007ff9b902a000 	C:\Program Files\Java\jdk-18\bin\jimage.dll
0x00007ff9b8620000 - 0x00007ff9b8804000 	C:\Windows\SYSTEM32\DBGHELP.DLL
0x00007ff9b8560000 - 0x00007ff9b858c000 	C:\Windows\SYSTEM32\dbgcore.DLL
0x00007ff9bdcb0000 - 0x00007ff9bdd32000 	C:\Windows\System32\bcryptPrimitives.dll
0x00007ff9b7e60000 - 0x00007ff9b7e85000 	C:\Program Files\Java\jdk-18\bin\java.dll

dbghelp: loaded successfully - version: 4.0.5 - missing functions: none
symbol engine: initialized successfully - sym options: 0x614 - pdb path: .;C:\Program Files\Java\jdk-18\bin;C:\Windows\SYSTEM32;C:\Windows\WinSxS\amd64_microsoft.windows.common-controls_6595b64144ccf1df_6.0.19041.1110_none_60b5254171f9507e;C:\Program Files\Java\jdk-18\bin\server

VM Arguments:
jvm_args: -ea -Dfile.encoding=UTF-8 -XX:+ShowCodeDetailsInExceptionMessages 
java_command: org.testng.remote.RemoteTestNG -serport 50556 -protocol json -d C:\Users\srajm\eclipse-workspace\SalesforceAutomationPOM\test-output C:\Users\srajm\AppData\Local\Temp\testng-eclipse-2029651047\testng-customsuite.xml
java_class_path (initial): C:\Users\srajm\eclipse\java-2022-03\eclipse\configuration\org.eclipse.osgi\431\0\.cp\lib\testng-remote.jar;C:\Users\srajm\eclipse-workspace\SalesforceAutomationPOM\target\test-classes;C:\Users\srajm\eclipse-workspace\SalesforceAutomationPOM\target\classes;C:\Users\srajm\.m2\repository\org\seleniumhq\selenium\selenium-server\3.141.59\selenium-server-3.141.59.jar;C:\Users\srajm\.m2\repository\org\seleniumhq\selenium\selenium-java\3.141.59\selenium-java-3.141.59.jar;C:\Users\srajm\.m2\repository\org\seleniumhq\selenium\selenium-api\3.141.59\selenium-api-3.141.59.jar;C:\Users\srajm\.m2\repository\org\seleniumhq\selenium\selenium-chrome-driver\3.141.59\selenium-chrome-driver-3.141.59.jar;C:\Users\srajm\.m2\repository\org\seleniumhq\selenium\selenium-edge-driver\3.141.59\selenium-edge-driver-3.141.59.jar;C:\Users\srajm\.m2\repository\org\seleniumhq\selenium\selenium-firefox-driver\3.141.59\selenium-firefox-driver-3.141.59.jar;C:\Users\srajm\.m2\repository\org\seleniumhq\selenium\selenium-ie-driver\3.141.59\selenium-ie-driver-3.141.59.jar;C:\Users\srajm\.m2\repository\org\seleniumhq\selenium\selenium-opera-driver\3.141.59\selenium-opera-driver-3.141.59.jar;C:\Users\srajm\.m2\repository\org\seleniumhq\selenium\selenium-remote-driver\3.141.59\selenium-remote-driver-3.141.59.jar;C:\Users\srajm\.m2\repository\org\seleniumhq\selenium\selenium-safari-driver\3.141.59\selenium-safari-driver-3.141.59.jar;C:\Users\srajm\.m2\repository\org\seleniumhq\selenium\selenium-support\3.141.59\selenium-support-3.141.59.jar;C:\Users\srajm\.m2\repository\com\beust\jcommander\1.72\jcommander-1.72.jar;C:\Users\srajm\.m2\repository\net\bytebuddy\byte-buddy\1.8.15\byte-buddy-1.8.15.jar;C:\Users\srajm\.m2\repository\org\apache\commons\commons-exec\1.3\commons-exec-1.3.jar;C:\Users\srajm\.m2\repository\com\google\guava\guava\25.0-jre\guava-25.0-jre.jar;C:\Users\srajm\.m2\repository\org\checkerframework\checker-compat-qual\2.0.0\checker-compat-qual-2.0.0.jar;C:\Users\srajm\.m2\repository\com\google\errorprone\error_prone_annotations\2.1.3\error_prone_annotations-2.1.3.jar;C:\Users\srajm\.m2\repository\com\google\j2objc\j2objc-annotations\1.1\j2objc-annotations-1.1.jar;C:\Users\srajm\.m2\repository\org\codehaus\mojo\animal-sniffer-annotations\1.14\animal-sniffer-annotations-1.14.jar;C:\Users\srajm\.m2\repository\net\jcip\jcip-annotations\1.0\jcip-annotations-1.0.jar;C:\Users\srajm\.m2\repository\org\seleniumhq\selenium\jetty-repacked\9.4.12.v20180830\jetty-repacked-9.4.12.v20180830.jar;C:\Users\srajm\.m2\repository\com\squareup\okhttp3\okhttp\3.11.0\okhttp-3.11.0.jar;C:\Users\srajm\.m2\repository\com\squareup\okio\okio\1.14.0\okio-1.14.0.jar;C:\Users\srajm\.m2\repository\javax\servlet\javax.servlet-api\3.1.0\javax.servlet-api-3.1.0.jar;C:\Users\srajm\.m2\repository\org\yaml\snakeyaml\1.19\snakeyaml-1.19.jar;C:\Users\srajm\.m2\repository\io\github\bonigarcia\webdrivermanager\5.0.2\webdrivermanager-5.0.2.jar;C:\Users\srajm\.m2\repository\org\slf4j\slf4j-api\1.7.32\slf4j-api-1.7.32.jar;C:\Users\srajm\.m2\repository\com\google\code\gson\gson\2.8.8\gson-2.8.8.jar;C:\Users\srajm\.m2\repository\org\jsoup\jsoup\1.14.2\jsoup-1.14.2.jar;C:\Users\srajm\.m2\repository\com\github\docker-java\docker-java\3.2.11\docker-java-3.2.11.jar;C:\Users\srajm\.m2\repository\com\github\docker-java\docker-java-core\3.2.11\docker-java-core-3.2.11.jar;C:\Users\srajm\.m2\repository\com\github\docker-java\docker-java-api\3.2.11\docker-java-api-3.2.11.jar;C:\Users\srajm\.m2\repository\com\fasterxml\jackson\core\jackson-annotations\2.10.3\jackson-annotations-2.10.3.jar;C:\Users\srajm\.m2\repository\commons-io\commons-io\2.6\commons-io-2.6.jar;C:\Users\srajm\.m2\repository\org\apache\commons\commons-compress\1.20\commons-compress-1.20.jar;C:\Users\srajm\.m2\repository\commons-lang\commons-lang\2.6\commons-lang-2.6.jar;C:\Users\srajm\.m2\repository\com\fasterxml\jackson\core\jackson-databind\2.10.3\jackson-databind-2.10.3.jar;C:\Users\srajm\.m2\repository\com\fasterxml\jackson\core\jackson-core\2.10.3\jackson-core-2.10.3.jar;C:\Users\srajm\.m2\repository\org\bouncycastle\bcpkix-jdk15on\1.64\bcpkix-jdk15on-1.64.jar;C:\Users\srajm\.m2\repository\org\bouncycastle\bcprov-jdk15on\1.64\bcprov-jdk15on-1.64.jar;C:\Users\srajm\.m2\repository\org\slf4j\jcl-over-slf4j\1.7.30\jcl-over-slf4j-1.7.30.jar;C:\Users\srajm\.m2\repository\com\github\docker-java\docker-java-transport-httpclient5\3.2.11\docker-java-transport-httpclient5-3.2.11.jar;C:\Users\srajm\.m2\repository\com\github\docker-java\docker-java-transport\3.2.11\docker-java-transport-3.2.11.jar;C:\Users\srajm\.m2\repository\org\apache\httpcomponents\client5\httpclient5\5.0.3\httpclient5-5.0.3.jar;C:\Users\srajm\.m2\repository\org\apache\httpcomponents\core5\httpcore5\5.0.2\httpcore5-5.0.2.jar;C:\Users\srajm\.m2\repository\net\java\dev\jna\jna\5.8.0\jna-5.8.0.jar;C:\Users\srajm\.m2\repository\org\brotli\dec\0.1.2\dec-0.1.2.jar;C:\Users\srajm\.m2\repository\org\testng\testng\7.5\testng-7.5.jar;C:\Users\srajm\.m2\repository\com\google\code\findbugs\jsr305\3.0.1\jsr305-3.0.1.jar;C:\Users\srajm\.m2\repository\org\webjars\jquery\3.5.1\jquery-3.5.1.jar;C:\Users\srajm\.m2\repository\com\aventstack\extentreports\3.1.5\extentreports-3.1.5.jar;C:\Users\srajm\.m2\repository\org\freemarker\freemarker\2.3.23\freemarker-2.3.23.jar;C:\Users\srajm\.m2\repository\org\mongodb\mongodb-driver\3.3.0\mongodb-driver-3.3.0.jar;C:\Users\srajm\.m2\repository\org\mongodb\bson\3.3.0\bson-3.3.0.jar;C:\Users\srajm\.m2\repository\org\mongodb\mongodb-driver-core\3.3.0\mongodb-driver-core-3.3.0.jar;C:\Users\srajm\.m2\repository\org\apache\httpcomponents\httpclient\4.5.2\httpclient-4.5.2.jar;C:\Users\srajm\.m2\repository\org\apache\httpcomponents\httpcore\4.4.4\httpcore-4.4.4.jar;C:\Users\srajm\.m2\repository\commons-logging\commons-logging\1.2\commons-logging-1.2.jar;C:\Users\srajm\.m2\repository\commons-codec\commons-codec\1.9\commons-codec-1.9.jar;C:\Users\srajm\.m2\repository\org\apache\httpcomponents\httpmime\4.5.2\httpmime-4.5.2.jar
Launcher Type: SUN_STANDARD

[Global flags]
     intx CICompilerCount                          = 3                                         {product} {ergonomic}
     uint ConcGCThreads                            = 1                                         {product} {ergonomic}
     uint G1ConcRefinementThreads                  = 4                                         {product} {ergonomic}
   size_t G1HeapRegionSize                         = 1048576                                   {product} {ergonomic}
    uintx GCDrainStackTargetSize                   = 64                                        {product} {ergonomic}
   size_t InitialHeapSize                          = 132120576                                 {product} {ergonomic}
   size_t MarkStackSize                            = 4194304                                   {product} {ergonomic}
   size_t MaxHeapSize                              = 2109734912                                {product} {ergonomic}
   size_t MinHeapDeltaBytes                        = 1048576                                   {product} {ergonomic}
   size_t MinHeapSize                              = 8388608                                   {product} {ergonomic}
    uintx NonNMethodCodeHeapSize                   = 5832780                                {pd product} {ergonomic}
    uintx NonProfiledCodeHeapSize                  = 122912730                              {pd product} {ergonomic}
    uintx ProfiledCodeHeapSize                     = 122912730                              {pd product} {ergonomic}
    uintx ReservedCodeCacheSize                    = 251658240                              {pd product} {ergonomic}
     bool SegmentedCodeCache                       = true                                      {product} {ergonomic}
     bool ShowCodeDetailsInExceptionMessages       = true                                   {manageable} {command line}
   size_t SoftMaxHeapSize                          = 2109734912                             {manageable} {ergonomic}
     bool UseCompressedClassPointers               = true                           {product lp64_product} {ergonomic}
     bool UseCompressedOops                        = true                           {product lp64_product} {ergonomic}
     bool UseG1GC                                  = true                                      {product} {ergonomic}
     bool UseLargePagesIndividualAllocation        = false                                  {pd product} {ergonomic}

Logging:
Log output configuration:
 #0: stdout all=warning uptime,level,tags foldmultilines=false
 #1: stderr all=off uptime,level,tags foldmultilines=false

Environment Variables:
PATH=C:/Program Files/Java/jdk-18/bin/server;C:/Program Files/Java/jdk-18/bin;C:\Program Files\Common Files\Oracle\Java\javapath;C:\Windows\system32;C:\Windows;C:\Windows\System32\Wbem;C:\Windows\System32\WindowsPowerShell\v1.0\;C:\Windows\System32\OpenSSH\;C:\Program Files\apache-maven-3.8.5\bin;C:\Users\srajm\AppData\Local\Microsoft\WindowsApps;;C:\Users\srajm\Desktop;
USERNAME=srajm
OS=Windows_NT
PROCESSOR_IDENTIFIER=Intel64 Family 6 Model 37 Stepping 5, GenuineIntel



---------------  S Y S T E M  ---------------

OS:
 Windows 10 , 64 bit Build 19041 (10.0.19041.1706)
OS uptime: 7 days 23:37 hours

CPU: total 4 (initial active 4) (2 cores per cpu, 2 threads per core) family 6 model 37 stepping 5 microcode 0x7, cx8, cmov, fxsr, ht, mmx, sse, sse2, sse3, ssse3, sse4.1, sse4.2, popcnt, tsc, tscinvbit, aes, clmul, clflush

Memory: 4k page, system-wide physical 8047M (1452M free)
TotalPageFile size 14294M (AvailPageFile size 41M)
current process WorkingSet (physical memory assigned to process): 10M, peak: 10M
current process commit charge ("private bytes"): 52M, peak: 177M

vm_info: Java HotSpot(TM) 64-Bit Server VM (18+36-2087) for windows-amd64 JRE (18+36-2087), built on Feb 15 2022 09:43:11 by "mach5one" with MS VC++ 16.8 / 16.9 (VS2019)

END.
